download,failed all locations,None,10.1088/1742-6596/1400/7/077039,None
download,failed all locations,None,10.1088/1742-6596/1400/7/077036,None
download,failed all locations,None,10.1109/ece.2019.8921173,None
download,failed all locations,None,10.1016/j.ijimpeng.2020.103500,None
download,failed all locations,None,10.1002/esp.4804,None
download,failed all locations,None,10.1136/vr.m136,None
request,invalid status code,404,10.3969/j.issn.1004-132X.2019.21.012,None
download,failed all locations,None,10.1109/tencon.2019.8929395,None
download,failed all locations,None,10.1007/s40962-019-00400-6,None
download,failed all locations,None,10.1111/dth.13205,None
download,failed all locations,None,10.1016/j.bbrc.2019.11.119,None
download,failed all locations,None,10.1007/s00592-019-01470-y,None
download,failed all locations,None,10.1007/s11239-019-02022-5,None
download,failed all locations,None,10.1111/ijpp.12533,None
download,failed all locations,None,10.1016/j.ijleo.2020.164194,None
download,failed all locations,None,10.1080/03610926.2019.1708941,None
download,failed all locations,None,10.1002/jaal.1026,None
download,failed all locations,None,10.1016/j.dyepig.2019.108181,None
download,failed all locations,None,10.1152/ajpcell.00360.2010,None
download,failed all locations,None,10.1016/j.ast.2019.105655,None
download,failed all locations,None,10.1042/bcj20190753,None
download,failed all locations,None,10.3233/JIFS-179526,None
download,failed all locations,None,10.3233/JIFS-179525,None
download,failed all locations,None,10.1080/13562517.2019.1711050,None
download,failed all locations,None,10.1093/ehjcvp/pvaa003,None
download,failed all locations,None,10.1016/j.nbt.2019.10.003,None
download,failed all locations,None,10.1002/bies.201900003,None
download,failed all locations,None,10.1096/fj.201901385rr,None
download,failed all locations,None,10.1177/0961203315598015,None
download,failed all locations,None,10.1016/j.sjbs.2019.12.042,None
download,failed all locations,None,10.1016/j.jmps.2019.103852,None
download,failed all locations,None,10.1080/19932820.2019.1705633,None
download,failed all locations,None,10.23736/s0022-4707.19.09540-9,None
download,failed all locations,None,10.1016/j.jksus.2019.11.043,None
download,failed all locations,None,10.1002/acr.24132,None
download,failed all locations,None,10.1007/s00401-018-1858-3,None
download,failed all locations,None,10.1111/mice.12346,None
download,failed all locations,None,10.21037/jtd.2019.10.21,None
download,failed all locations,None,10.1002/hpja.320,None
download,failed all locations,None,10.1093/nar/gkz1161,None
download,failed all locations,None,10.1053/j.semtcvs.2019.05.041,None
download,failed all locations,None,10.1007/s12055-018-0732-1,None
download,failed all locations,None,10.1053/j.semtcvs.2019.05.040,None
download,failed all locations,None,10.1093/icvts/ivz135,None
download,failed all locations,None,10.1016/j.jtcvs.2019.06.098,None
download,failed all locations,None,10.1002/nbm.4229,None
download,failed all locations,None,10.1080/00365521.2019.1710765,None
download,failed all locations,None,10.1109/tsmc.2019.2958062,None
download,failed all locations,None,10.1007/s00330-014-3130-0,None
download,failed all locations,None,10.1097/01.tp.0000543909.71728.f7,None
download,failed all locations,None,10.1177/0004867416667232,None
download,failed all locations,None,10.1016/j.trstmh.2005.03.006,None
download,failed all locations,None,10.1016/j.ajp.2019.101916,None
download,failed all locations,None,10.1016/j.juro.2016.02.1299,None
download,failed all locations,None,10.1111/cen.12704,None
download,failed all locations,None,10.1007/s12017-015-8351-0,None
download,failed all locations,None,10.2174/1570161114666160303111355,None
download,failed all locations,None,10.1016/j.bbadis.2017.12.006,None
download,failed all locations,None,10.2174/1874467212666190620143303,None
download,failed all locations,None,10.1016/j.bone.2018.05.022,None
download,failed all locations,None,10.1016/j.psyneuen.2018.10.010,None
download,failed all locations,None,10.1016/j.jinorgbio.2019.110714,None
download,failed all locations,None,10.1109/tvt.2019.2948792,None
download,failed all locations,None,10.4324/9781315871684-1,None
download,failed all locations,None,10.1016/j.ajp.2019.101908,None
download,failed all locations,None,10.1007/s12555-019-0053-1,None
download,failed all locations,None,10.1111/1467-9566.13015,None
download,failed all locations,None,10.1097/MD.0000000000016720,None
download,failed all locations,None,10.1016/j.jmps.2020.103866,None
download,failed all locations,None,10.5455/medarh.2019.73.272-275,None
download,failed all locations,None,10.1145/2808719.2811419,None
download,failed all locations,None,10.1134/s1063778809020264,None
download,failed all locations,None,10.1007/978-3-030-35343-8_5,None
download,failed all locations,None,10.1108/PR-02-2019-0093,None
download,failed all locations,None,10.1192/bjp.2019.226,None
download,failed all locations,None,10.1016/j.ijso.2019.11.002,None
download,failed all locations,None,10.30950/jcer.v15i3.1028,None
download,failed all locations,None,10.1007/978-3-030-22063-1_118,None
download,failed all locations,None,10.1021/acsomega.9b03685,None
download,failed all locations,None,10.1080/01416200.2019.1705761,None
download,failed all locations,None,10.1016/j.cell.2019.11.027,None
download,failed all locations,None,10.1136/archdischild-2019-316872,None
download,failed all locations,None,10.1021/bk-2019-1326.pr001,None
download,failed all locations,None,10.1016/j.ygcen.2019.113376,None
download,failed all locations,None,10.1111/1744-7917.12749,None
download,failed all locations,None,10.1016/j.jcis.2019.12.081,None
request,invalid status code,404,10.22074/cellj.2020.6582,None
download,failed all locations,None,10.1111/vru.12832,None
download,failed all locations,None,10.1161/hypertensionaha.119.13929,None
download,failed all locations,None,10.1016/j.jbiotec.2019.12.019,None
download,failed all locations,None,10.5455/JPMA.298471,None
download,failed all locations,None,10.1016/j.pan.2019.12.005,None
download,failed all locations,None,10.1016/j.cardfail.2019.10.011,None
download,failed all locations,None,10.1159/000504973,None
download,failed all locations,None,10.1016/j.foodhyd.2019.105552,None
download,failed all locations,None,10.1038/s41586-019-1864-1,None
download,failed all locations,None,10.1109/sdf.2019.8916633,None
download,failed all locations,None,10.1063/1.5135474,None
download,failed all locations,None,10.1016/j.mporth.2019.10.006,None
download,failed all locations,None,10.1177/0047117819897312,None
download,failed all locations,None,10.1002/nag.3034,None
download,failed all locations,None,10.1109/embc.2019.8857075,None
download,failed all locations,None,10.1109/tit.2019.2937527,None
download,failed all locations,None,10.1177/0956462419879278,None
download,failed all locations,None,10.1109/5gwf.2019.8911689,None
request,invalid status code,404,10.4324/9780203814574-10,None
download,failed all locations,None,10.1080/02673037.2019.1697800,None
download,failed all locations,None,10.1109/TCOMM.2019.2930509,None
download,failed all locations,None,10.1016/j.jep.2019.112444,None
download,failed all locations,None,10.1016/b978-0-08-101107-2.00023-3,None
download,failed all locations,None,10.1080/15685551.2019.1699727,None
download,failed all locations,None,10.1088/1742-6596/1332/1/012009,None
download,failed all locations,None,10.1016/j.jcat.2019.03.030,None
download,failed all locations,None,10.1108/ijoa-07-2019-1837,None
download,failed all locations,None,10.1093/beheco/arz151,None
download,failed all locations,None,10.1109/allerton.2019.8919726,None
download,failed all locations,None,10.1016/j.rinp.2019.102850,None
download,failed all locations,None,10.1016/S2542-5196(19)30243-8,None
download,failed all locations,None,10.1007/s12247-019-09419-y,None
download,failed all locations,None,10.1007/978-3-662-46657-5_13,None
download,failed all locations,None,10.1061/(ASCE)BE.1943-5592.0000697,None
download,failed all locations,None,10.1061/41130(369)38,None
download,failed all locations,None,10.1088/1361-6552/ab3e25,None
download,failed all locations,None,10.1007/s40995-019-00798-y,None
download,failed all locations,None,10.1080/17496977.2019.1561816,None
download,failed all locations,None,10.1136/neurintsurg-2019-015387,None
download,failed all locations,None,10.1109/mce.2019.2941459,None
download,failed all locations,None,10.1002/ccd.28649,None
download,failed all locations,None,10.1103/PhysRevMaterials.3.124402,None
download,failed all locations,None,10.1002/mp.13979,None
download,failed all locations,None,10.1016/j.eswa.2019.113136,None
download,failed all locations,None,10.1016/j.trd.2019.11.014,None
download,failed all locations,None,10.1016/j.jobe.2019.101083,None
download,failed all locations,None,10.1016/j.future.2019.02.032,None
download,failed all locations,None,10.1016/j.jksus.2018.01.003,None
download,failed all locations,None,10.1016/j.frl.2019.08.023,None
download,failed all locations,None,10.1080/23801883.2019.1703512,None
download,failed all locations,None,10.1021/acsami.9b18027,None
download,failed all locations,None,10.1093/ehjci/jez303,None
download,failed all locations,None,10.1200/jop.19.00370,None
download,failed all locations,None,10.1002/hipo.23185,None
download,failed all locations,None,10.1007/s00203-019-01788-9,None
download,failed all locations,None,10.1016/j.margeo.2019.106087,None
download,failed all locations,None,10.1016/j.cej.2019.123311,None
download,failed all locations,None,10.1016/j.heliyon.2019.e02819,None
download,failed all locations,None,10.3390/agronomy9120782,None
download,failed all locations,None,10.1080/14787210.2020.1705156,None
download,failed all locations,None,10.1016/j.jpedsurg.2019.10.059,None
download,failed all locations,None,10.1109/pimrc.2019.8904352,None
download,failed all locations,None,10.2337/dc19-1476,None
download,failed all locations,None,10.1177/0218492319896514,None
download,failed all locations,None,10.1016/j.oraloncology.2019.104504,None
download,failed all locations,None,10.1016/j.ijbiomac.2019.12.097,None
download,failed all locations,None,10.1016/j.ejmech.2019.111951,None
download,failed all locations,None,10.1007/s00446-019-00367-x,None
download,failed all locations,None,10.1002/dac.4244,None
download,failed all locations,None,10.1109/ev.2019.8893026,None
download,failed all locations,None,10.1093/gerhis/ghu023,None
download,failed all locations,None,10.1080/15715124.2019.1695259,None
download,failed all locations,None,10.1177/0956462419879270,None
download,failed all locations,None,10.1016/j.ijrobp.2019.11.397,None
download,failed all locations,None,10.1093/jac/dku081,None
download,failed all locations,None,10.1021/acsami.9b16404,None
download,failed all locations,None,10.11604/pamj.2019.34.100.19388,None
download,failed all locations,None,10.23919/eusipco.2019.8902611,None
download,failed all locations,None,10.1016/j.apsoil.2019.103424,None
download,failed all locations,None,10.11604/pamj.2019.34.26.19354,None
download,failed all locations,None,10.1109/scm.2019.8903760,None
download,failed all locations,None,10.1002/jssc.201900687,None
request,invalid status code,404,10.4324/9781351126724-20,None
download,failed all locations,None,10.1016/j.ijbiomac.2019.11.091,None
download,failed all locations,None,10.1016/j.compeleceng.2019.106525,None
download,failed all locations,None,10.1016/j.radphyschem.2019.108630,None
download,failed all locations,None,10.1016/j.eurpsy.2016.01.1366,None
download,failed all locations,None,10.1080/14620316.2019.1691060,None
download,failed all locations,None,10.1109/vitecon.2019.8899517,None
download,failed all locations,None,10.1007/s12517-019-4916-9,None
download,failed all locations,None,10.1007/s42107-019-00213-2,None
download,failed all locations,None,10.1016/j.coastaleng.2019.103616,None
download,failed all locations,None,10.1590/1806-9061-2019-0993,None
download,failed all locations,None,10.1016/j.eurpsy.2016.01.2031,None
download,failed all locations,None,10.1016/j.proenv.2015.01.057,None
download,failed all locations,None,10.1016/j.jprocont.2014.01.012,None
download,failed all locations,None,10.1109/dictap.2014.6821697,None
download,failed all locations,None,10.1007/s11804-014-1257-7,None
download,failed all locations,None,10.1016/j.cja.2014.12.031,None
download,failed all locations,None,10.1016/j.oceaneng.2015.06.011,None
download,failed all locations,None,10.3724/sp.j.1249.2015.04385,None
download,failed all locations,None,10.1007/s11042-014-2238-1,None
download,failed all locations,None,10.1002/app.43538,None
download,failed all locations,None,10.1080/15685551.2016.1169375,None
request,invalid status code,404,10.3760/cma.j.issn.2095-4352.2015.02.009,None
request,invalid status code,404,10.13296/j.1001-1609.hva.2016.03.024,None
request,invalid status code,404,10.3867/j.issn.1000-3002.2015.05.063,None
download,failed all locations,None,10.1007/978-981-10-2260-9_24,None
request,invalid status code,404,10.12030/j.cjee.201509176,None
download,failed all locations,None,10.1021/acs.jafc.7b00489,None
download,failed all locations,None,10.1016/j.apor.2017.09.008,None
download,failed all locations,None,10.1016/j.compositesa.2018.02.004,None
download,failed all locations,None,10.1016/j.atmosres.2018.04.013,None
request,invalid status code,404,10.7500/AEPS20170531001,None
request,invalid status code,404,10.3969/j.issn.1007-9572.2017.00.017,None
download,failed all locations,None,10.1016/j.atmosres.2018.08.003,None
download,failed all locations,None,10.1177/0144598718754374,None
request,invalid status code,404,10.13929/j.1003-3289.201803014,None
download,failed all locations,None,10.1016/j.jpeds.2019.01.045,None
download,failed all locations,None,10.1021/acs.jafc.8b06928,None
download,failed all locations,None,10.1016/j.etap.2019.103206,None
download,failed all locations,None,10.1029/2019gl083862,None
download,failed all locations,None,10.1109/apl.2019.8815958,None
download,failed all locations,None,10.1007/s00376-019-9006-0,None
download,failed all locations,None,10.3390/microorganisms7090282,None
download,failed all locations,None,10.1002/marc.201900455,None
download,failed all locations,None,10.1016/j.compstruct.2019.111694,None
download,failed all locations,None,10.1016/s0140-6736(19)32800-4,None
download,failed all locations,None,10.1177/0142331219885525,None
download,failed all locations,None,10.1016/j.neuint.2019.104630,None
download,failed all locations,None,10.1039/c19650000159,None
download,failed all locations,None,10.1016/S0022-328X(00)89985-4,None
download,failed all locations,None,10.1016/0040-6090(91)90189-5,None
download,failed all locations,None,10.1016/S0277-5387(00)80648-8,None
download,failed all locations,None,10.1039/a606482e,None
download,failed all locations,None,10.1039/c39830001439,None
download,failed all locations,None,10.1039/f19868202719,None
download,failed all locations,None,10.1088/0022-3735/17/7/005,None
download,failed all locations,None,10.2514/6.2020-1986,None
download,failed all locations,None,10.1177/0267323119886750,None
download,failed all locations,None,10.1111/cch.12492,None
download,failed all locations,None,10.1109/amps.2019.8897748,None
download,failed all locations,None,10.1016/j.cmpb.2019.105247,None
download,failed all locations,None,10.1016/j.urology.2018.04.035,None
download,failed all locations,None,10.1111/fcp.12413,None
download,failed all locations,None,10.1016/j.lfs.2018.11.058,None
download,failed all locations,None,10.1007/s11010-019-03616-6,None
download,failed all locations,None,10.1007/s00417-019-04351-w,None
download,failed all locations,None,10.1016/j.intimp.2019.105978,None
download,failed all locations,None,10.1016/j.gie.2016.03.778,None
download,failed all locations,None,10.1515/chem-2019-0113,None
download,failed all locations,None,10.1016/j.rgmx.2016.05.004,None
download,failed all locations,None,10.1515/pp-2019-0003,None
download,failed all locations,None,10.1016/j.resuscitation.2019.11.015,None
download,failed all locations,None,10.1007/s10006-019-00817-7,None
download,failed all locations,None,10.1016/j.ahj.2019.08.012,None
download,failed all locations,None,10.1016/j.rcot.2019.09.129,None
download,failed all locations,None,10.3109/14767050903551400,None
download,failed all locations,None,10.1039/c6dt02932a,None
download,failed all locations,None,10.1016/j.rmed.2019.105843,None
download,failed all locations,None,10.1200/JGO.19.00263,None
download,failed all locations,None,10.1002/jat.3909,None
download,failed all locations,None,10.1680/jstbu.19.00081,None
download,failed all locations,None,10.1016/j.ddmod.2019.10.005,None
download,failed all locations,None,10.3233/cbm-160254,None
request,invalid status code,404,10.22038/AJP.2019.13540,None
download,failed all locations,None,10.1111/coa.13485,None
download,failed all locations,None,10.1515/bmt-2018-0175,None
download,failed all locations,None,10.1016/j.phymed.2019.153133,None
download,failed all locations,None,10.1007/s00330-019-06461-9,None
download,failed all locations,None,10.1080/03007995.2019.1700947,None
request,invalid status code,404,10.4103/ijpvm.IJPVM-417-18,None
download,failed all locations,None,10.1016/j.apenergy.2019.114202,None
download,failed all locations,None,10.1111/imr.12825,None
download,failed all locations,None,10.1016/j.landusepol.2019.104409,None
download,failed all locations,None,10.1016/j.scijus.2019.10.001,None
download,failed all locations,None,10.1007/s11802-019-3790-0,None
download,failed all locations,None,10.3390/app9224821,None
download,failed all locations,None,10.1111/emed.12277,None
download,failed all locations,None,10.1016/j.bbadis.2019.165614,None
download,failed all locations,None,10.1039/c9an02026h,None
download,failed all locations,None,10.1016/j.apm.2019.10.033,None
download,failed all locations,None,10.1038/nrd4309,None
download,failed all locations,None,10.1016/j.bmcl.2014.03.056,None
download,failed all locations,None,10.1021/tx100408v,None
download,failed all locations,None,10.7748/ns.2019.e11248,None
download,failed all locations,None,10.1021/acs.iecr.9b04852,None
download,failed all locations,None,10.3390/cancers11101618,None
download,failed all locations,None,10.1016/j.prevetmed.2019.104851,None
download,failed all locations,None,10.1016/j.hitech.2019.100356,None
download,failed all locations,None,10.1016/s2214-109x(19)30425-5,None
download,failed all locations,None,10.1007/978-3-030-31756-0_5,None
download,failed all locations,None,10.1088/1757-899x/610/1/012067,None
request,invalid status code,404,10.5829/idosi.wasj.2013.23.06.13091,None
request,invalid status code,404,10.1136/jech-2019-SSMabstracts.9,None
download,failed all locations,None,10.1111/epi.16354,None
download,failed all locations,None,10.1109/icmsao.2019.8880355,None
download,failed all locations,None,10.1016/j.sciaf.2019.e00218,None
download,failed all locations,None,10.1016/j.peptides.2019.170208,None
download,failed all locations,None,10.1108/DPM-09-2019-0293,None
download,failed all locations,None,10.1093/bjc/azz075,None
download,failed all locations,None,10.3390/app9224816,None
download,failed all locations,None,10.1016/j.seta.2019.100568,None
download,failed all locations,None,10.1016/s0969-7012(01)00006-5,None
download,failed all locations,None,10.1108/01443570310506713,None
download,failed all locations,None,10.1016/j.jom.2005.09.001,None
download,failed all locations,None,10.1111/j.1467-8551.2008.00595.x,None
download,failed all locations,None,10.1016/j.mpaic.2019.03.006,None
download,failed all locations,None,10.23736/S0375-9393.19.13578-X,None
download,failed all locations,None,10.1016/j.vascn.2019.05.087,None
download,failed all locations,None,10.1111/1471-0528.12590,None
download,failed all locations,None,10.1016/j.eururo.2015.08.015,None
download,failed all locations,None,10.1111/ans.15487,None
download,failed all locations,None,10.1111/mec.15295,None
download,failed all locations,None,10.1039/c5tc00635j,None
download,failed all locations,None,10.1016/j.msea.2016.02.045,None
download,failed all locations,None,10.1002/bse.2185,None
download,failed all locations,None,10.1080/16583655.2019.1668101,None
download,failed all locations,None,10.1021/acs.chemmater.9b03230,None
download,failed all locations,None,10.1016/0010-8545(94)07008-8,None
download,failed all locations,None,10.1016/j.tetlet.2008.08.005,None
download,failed all locations,None,10.1021/om00054a037,None
download,failed all locations,None,10.1039/c2gc36619c,None
download,failed all locations,None,10.1039/c3cc41661e,None
download,failed all locations,None,10.1002/anie.201300292,None
download,failed all locations,None,10.1002/anie.199503461,None
download,failed all locations,None,10.1002/0470862017.ch5,None
download,failed all locations,None,10.1002/0470862017.ch4,None
download,failed all locations,None,10.1007/978-1-4939-7328-6_10,None
download,failed all locations,None,10.1007/s12517-013-0863-z,None
download,failed all locations,None,10.1115/1.4032121,None
download,failed all locations,None,10.1016/j.petrol.2017.01.024,None
download,failed all locations,None,10.1016/j.marpetgeo.2017.11.010,None
download,failed all locations,None,10.30632/PJV59N6-2018a2,None
download,failed all locations,None,10.1007/s12517-019-4800-7,None
download,failed all locations,None,10.3390/su11205643,None
download,failed all locations,None,10.3390/su11216083,None
download,failed all locations,None,10.1007/s11240-019-01708-1,None
download,failed all locations,None,10.1080/03075079.2019.1672644,None
download,failed all locations,None,10.1111/jep.13294,None
download,failed all locations,None,10.1016/j.amepre.2019.09.004,None
download,failed all locations,None,10.1093/ortho/30.2.169,None
download,failed all locations,None,10.1007/s13369-019-04206-w,None
download,failed all locations,None,10.1016/j.jmr.2019.106646,None
download,failed all locations,None,10.1111/jav.02156,None
download,failed all locations,None,10.12968/denn.2015.11.5.290,None
download,failed all locations,None,10.1109/wmvc.2007.32,None
download,failed all locations,None,10.3410/f.1463968.1113063,None
download,failed all locations,None,10.2514/6.2002-3277,None
download,failed all locations,None,10.1007/s10238-013-0246-5,None
download,failed all locations,None,10.1016/j.freeradbiomed.2014.02.011,None
download,failed all locations,None,10.1007/978-1-4614-3209-8_51,None
download,failed all locations,None,10.1364/ol.39.002004,None
download,failed all locations,None,10.1139/gen-2013-0153,None
download,failed all locations,None,10.1016/j.clinimag.2014.03.010,None
download,failed all locations,None,10.1093/chromsci/bmu052,None
download,failed all locations,None,10.1016/j.jvir.2014.04.013,None
download,failed all locations,None,10.1007/s12013-014-0110-6,None
download,failed all locations,None,10.1136/gutjnl-2013-306585,None
download,failed all locations,None,10.1021/ic5003836,None
download,failed all locations,None,10.1007/s13277-014-2353-7,None
download,failed all locations,None,10.1002/ardp.201400227,None
download,failed all locations,None,10.1021/jo501460h,None
download,failed all locations,None,10.1097/prs.0000000000000780,None
download,failed all locations,None,10.1016/j.foodchem.2015.01.126,None
download,failed all locations,None,10.1016/j.envint.2015.03.002,None
download,failed all locations,None,10.1007/s11064-015-1534-0,None
download,failed all locations,None,10.1177/0003319715573910,None
download,failed all locations,None,10.1007/s00414-015-1229-8,None
download,failed all locations,None,10.1111/cbdd.12632,None
download,failed all locations,None,10.1080/15459624.2015.1101121,None
download,failed all locations,None,10.1364/ol.40.005283,None
download,failed all locations,None,10.1364/ao.54.009025,None
download,failed all locations,None,10.1007/s00280-015-2952-z,None
request,invalid status code,404,10.3760/cma.j.issn.0578-1426.2016.03.005,None
download,failed all locations,None,10.1364/ao.55.001514,None
download,failed all locations,None,10.1053/j.seminhematol.2016.01.011,None
download,failed all locations,None,10.4268/cjcmm20160826,None
download,failed all locations,None,10.1159/000443101,None
download,failed all locations,None,10.1007/s00280-016-3000-3,None
download,failed all locations,None,10.1002/marc.201600049,None
download,failed all locations,None,10.1111/psyp.12669,None
download,failed all locations,None,10.1177/1359105316644974,None
download,failed all locations,None,10.1158/0008-5472.can-15-3043,None
download,failed all locations,None,10.1016/j.cbi.2016.05.022,None
download,failed all locations,None,10.1016/j.rvsc.2015.10.012,None
download,failed all locations,None,10.1021/jacs.6b04271,None
download,failed all locations,None,10.1097/meg.0000000000000690,None
download,failed all locations,None,10.1002/adma.201602546,None
download,failed all locations,None,10.1364/oe.24.020210,None
download,failed all locations,None,10.1016/j.jtho.2016.08.142,None
download,failed all locations,None,10.1016/j.carbpol.2016.08.076,None
download,failed all locations,None,10.1002/ijc.30417,None
download,failed all locations,None,10.1364/ol.41.004546,None
download,failed all locations,None,10.1042/cs20170030,None
download,failed all locations,None,10.1080/10717544.2016.1230902,None
request,invalid status code,404,10.3760/cma.j.issn.1001-9391.2016.12.016,None
download,failed all locations,None,10.1002/jssc.201601443,None
download,failed all locations,None,10.1364/oe.25.005550,None
download,failed all locations,None,10.1111/psyp.12862,None
download,failed all locations,None,10.1002/adma.201606927,None
download,failed all locations,None,10.1364/oe.25.008828,None
download,failed all locations,None,10.1016/j.mce.2017.04.021,None
download,failed all locations,None,10.1016/j.actbio.2017.05.003,None
download,failed all locations,None,10.1364/ao.56.003709,None
download,failed all locations,None,10.1007/s11684-017-0509-8,None
download,failed all locations,None,10.1016/j.jcis.2017.05.033,None
download,failed all locations,None,10.1016/j.msec.2017.04.098,None
download,failed all locations,None,10.1016/j.meegid.2017.08.016,None
download,failed all locations,None,10.1016/j.jcis.2017.08.051,None
download,failed all locations,None,10.1007/s00425-017-2772-y,None
download,failed all locations,None,10.1177/0284185117732601,None
download,failed all locations,None,10.4103/njcp.njcp_27_17,None
request,invalid status code,404,10.11817/j.issn.1672-7347.2017.11.015,None
download,failed all locations,None,10.1167/iovs.17-21445,None
download,failed all locations,None,10.1016/j.ygyno.2017.12.019,None
download,failed all locations,None,10.1002/bmc.4198,None
download,failed all locations,None,10.1364/ol.43.000439,None
download,failed all locations,None,10.1016/j.bios.2018.01.033,None
download,failed all locations,None,10.1364/oe.26.007288,None
download,failed all locations,None,10.1016/j.cca.2018.04.002,None
download,failed all locations,None,10.1039/c8dt00408k,None
request,invalid status code,404,10.3967/bes2018.028,None
download,failed all locations,None,10.1039/c8cc04351e,None
download,failed all locations,None,10.1364/ol.43.003172,None
download,failed all locations,None,10.1039/c8ob01168k,None
download,failed all locations,None,10.4103/0973-1482.188294,None
download,failed all locations,None,10.1016/j.nicl.2018.06.003,None
download,failed all locations,None,10.21037/atm.2018.05.18,None
download,failed all locations,None,10.1016/j.semcdb.2018.07.011,None
download,failed all locations,None,10.1016/j.archger.2018.07.002,None
download,failed all locations,None,10.1002/bab.1684,None
download,failed all locations,None,10.1364/oe.26.021585,None
download,failed all locations,None,10.1093/abbs/gmy094,None
download,failed all locations,None,10.1016/j.jcis.2018.08.041,None
download,failed all locations,None,10.21037/jtd.2018.07.94,None
download,failed all locations,None,10.1038/s41430-018-0330-8,None
download,failed all locations,None,10.1007/s00425-018-3033-4,None
download,failed all locations,None,10.1093/abbs/gmy145,None
download,failed all locations,None,10.1016/j.canep.2018.12.002,None
download,failed all locations,None,10.1007/s00216-018-1525-5,None
download,failed all locations,None,10.1007/s12038-018-9795-9,None
download,failed all locations,None,10.1021/acsami.8b18664,None
download,failed all locations,None,10.1016/j.ecoenv.2018.12.060,None
download,failed all locations,None,10.1016/j.bbadis.2019.01.015,None
download,failed all locations,None,10.1016/j.jhazmat.2019.01.013,None
download,failed all locations,None,10.1038/s41390-019-0281-3,None
download,failed all locations,None,10.1016/j.canlet.2019.01.026,None
download,failed all locations,None,10.21037/jtd.2018.11.31,None
download,failed all locations,None,10.1016/j.scitotenv.2019.01.386,None
download,failed all locations,None,10.1007/s10123-018-00042-4,None
download,failed all locations,None,10.1364/oe.27.005289,None
download,failed all locations,None,10.1364/oe.27.006936,None
download,failed all locations,None,10.1097/MD.0000000000014920,None
download,failed all locations,None,10.4049/jimmunol.1801097,None
download,failed all locations,None,10.23736/s0375-9393.19.13388-3,None
download,failed all locations,None,10.1007/s00438-019-01559-7,None
download,failed all locations,None,10.1139/cjm-2019-0097,None
download,failed all locations,None,10.1016/j.cellsig.2019.04.002,None
download,failed all locations,None,10.1016/j.jfda.2018.11.008,None
download,failed all locations,None,10.1121/1.5098947,None
download,failed all locations,None,10.1364/oe.27.010777,None
download,failed all locations,None,10.1007/s10067-019-04596-0,None
request,invalid status code,404,10.14348/molcells.2019.2441,None
download,failed all locations,None,10.1007/s10653-019-00313-7,None
download,failed all locations,None,10.1093/cid/ciz642,None
download,failed all locations,None,10.1016/j.bios.2019.111495,None
request,invalid status code,404,10.26355/eurrev_201907_18435,None
download,failed all locations,None,10.1007/s12094-019-02187-8,None
download,failed all locations,None,10.1021/acs.orglett.9b02791,None
download,failed all locations,None,10.1128/jvi.01438-19,None
download,failed all locations,None,10.1109/PVSC.2015.7356119,None
download,failed all locations,None,10.1016/j.jpsychires.2019.10.002,None
request,invalid status code,404,10.3969/j.issn.1671-7104.2019.05.006,None
download,failed all locations,None,10.1109/JPHOT.2016.2602335,None
download,failed all locations,None,10.1088/1361-6528/ab51c5,None
download,failed all locations,None,10.1109/ACCESS.2018.2885024,None
download,failed all locations,None,10.1016/b978-0-7020-6285-8.00129-5,None
download,failed all locations,None,10.1093/rheumatology/key075.057,None
download,failed all locations,None,10.1016/j.jchf.2019.09.003,None
download,failed all locations,None,10.1177/0266242619884032,None
download,failed all locations,None,10.1080/17517575.2019.1686655,None
download,failed all locations,None,10.1017/cbo9781139225274.025,None
download,failed all locations,None,10.1017/cbo9781139225274.027,None
download,failed all locations,None,10.1017/cbo9781139225274.021,None
download,failed all locations,None,10.1017/cbo9781139225274.033,None
download,failed all locations,None,10.1017/cbo9781139225274.013,None
download,failed all locations,None,10.1017/cbo9781139225274.006,None
download,failed all locations,None,10.1017/cbo9781139225274.004,None
download,failed all locations,None,10.1038/s41573-019-0048-x,None
download,failed all locations,None,10.1016/j.vetmic.2015.08.020,None
download,failed all locations,None,10.1016/j.mimet.2018.03.009,None
download,failed all locations,None,10.1007/978-1-137-02191-5_6,None
download,failed all locations,None,10.7228/manchester/9780719071362.003.0019,None
download,failed all locations,None,10.1142/9789813220614_0009,None
download,failed all locations,None,10.1088/1742-6596/119/3/032023,None
download,failed all locations,None,10.2196/preprints.13941,None
download,failed all locations,None,10.1080/14634980008657037,None
download,failed all locations,None,10.1111/icad.12039,None
download,failed all locations,None,10.1007/s10841-015-9831-0,None
download,failed all locations,None,10.1007/s12328-019-01061-y,None
download,failed all locations,None,10.1128/aac.01729-19,None
download,failed all locations,None,10.2174/2211536608666191104105334,None
download,failed all locations,None,10.1111/evj.12323_19,None
download,failed all locations,None,10.1097/HS9.0000000000000049,None
download,failed all locations,None,10.1182/blood-2019-131500,None
download,failed all locations,None,10.1002/ajmg.c.31749,None
download,failed all locations,None,10.1007/s00109-019-01846-1,None
download,failed all locations,None,10.1039/c9ew00477g,None
download,failed all locations,None,10.1080/00076791.2018.1558520,None
download,failed all locations,None,10.1057/9781137263636.0009,None
download,failed all locations,None,10.1016/j.tvjl.2009.05.015,None
download,failed all locations,None,10.1002/047084289x.rl033,None
download,failed all locations,None,10.1002/047084289x.rp278,None
download,failed all locations,None,10.1145/3331453.3361634,None
download,failed all locations,None,10.1088/1755-1315/329/1/012007,None
download,failed all locations,None,10.1002/14651858.cd012267.pub2,None
download,failed all locations,None,10.4324/9781315107264-15,None
download,failed all locations,None,10.1016/j.jtho.2019.08.1808,None
download,failed all locations,None,10.1016/s0016-5085(03)81625-6,None
download,failed all locations,None,10.1016/0378-1097(81)90091-4,None
download,failed all locations,None,10.1016/j.pisc.2015.06.004,None
download,failed all locations,None,10.2217/dmt.15.32,None
download,failed all locations,None,10.2174/2212797610801030167,None
download,failed all locations,None,10.2174/1874477x10801030167,None
download,failed all locations,None,10.2196/preprints.8214,None
download,failed all locations,None,10.1007/s11012-019-01072-6,None
download,failed all locations,None,10.1016/j.ijhydene.2019.08.259,None
download,failed all locations,None,10.3390/toxins11110642,None
download,failed all locations,None,10.1039/c9fd90061f,None
download,failed all locations,None,10.1023/A:1020766406935,None
download,failed all locations,None,10.1021/acsabm.9b00562,None
download,failed all locations,None,10.1002/ppul.22796,None
download,failed all locations,None,10.1080/13540602.2015.1044328,None
download,failed all locations,None,10.1117/12.2255596,None
download,failed all locations,None,10.1016/j.semcancer.2019.09.017,None
download,failed all locations,None,10.1093/europace/euz259,None
download,failed all locations,None,10.1007/978-3-030-30806-3_1,None
download,failed all locations,None,10.1021/acsami.9b12579,None
download,failed all locations,None,10.1126/science.aax7427,None
download,failed all locations,None,10.1021/acsabm.8b00778,None
download,failed all locations,None,10.1200/JCO.2019.37.15_suppl.e12559,None
download,failed all locations,None,10.1016/j.ijrobp.2019.06.490,None
download,failed all locations,None,10.1016/j.sysarc.2019.07.005,None
download,failed all locations,None,10.1002/cssc.201800689,None
download,failed all locations,None,10.1093/jmp/jhu049,None
download,failed all locations,None,10.1177/0954409719877318,None
download,failed all locations,None,10.1016/j.jacc.2019.08.457,None
download,failed all locations,None,10.1111/1467-923x.12769,None
download,failed all locations,None,10.1136/inp.k1860,None
download,failed all locations,None,10.1093/cid/ciz925,None
download,failed all locations,None,10.1002/ijc.32698,None
download,failed all locations,None,10.1302/0301-620X.101B10.BJJ-2019-0890,None
download,failed all locations,None,10.1016/j.jmir.2019.09.003,None
download,failed all locations,None,10.1002/jcla.23048,None
download,failed all locations,None,10.1016/j.ceramint.2019.09.238,None
download,failed all locations,None,10.1042/ebc20190025,None
download,failed all locations,None,10.1016/j.soilbio.2019.107604,None
download,failed all locations,None,10.1177/1534735419878505,None
download,failed all locations,None,10.15252/embr.201745428,None
download,failed all locations,None,10.1002/9780470942390.mo140214,None
download,failed all locations,None,10.1007/978-1-4939-8766-5_1,None
download,failed all locations,None,10.1021/acs.jpcc.9b04292,None
download,failed all locations,None,10.1080/00207179.2019.1662948,None
download,failed all locations,None,10.1039/c9ob00325h,None
download,failed all locations,None,10.1016/j.rasd.2019.101422,None
download,failed all locations,None,10.1017/s1754470x1900028x,None
download,failed all locations,None,10.1109/indiacom.2014.6828187,None
download,failed all locations,None,10.1016/j.ast.2016.04.023,None
download,failed all locations,None,10.1144/sp395.13,None
download,failed all locations,None,10.1016/j.ijpharm.2015.04.017,None
download,failed all locations,None,10.1016/j.ejpb.2016.02.016,None
download,failed all locations,None,10.1016/j.powtec.2016.04.051,None
download,failed all locations,None,10.20452/pamw.14996,None
download,failed all locations,None,10.1088/1742-6596/1303/1/012005,None
download,failed all locations,None,10.4324/9780203136027,None
download,failed all locations,None,10.1136/bcr-2019-230910,None
download,failed all locations,None,10.1016/j.prro.2019.07.018,None
download,failed all locations,None,10.4324/9780203461488,None
download,failed all locations,None,10.1039/c9cc01743g,None
download,failed all locations,None,10.1177/0333102419861204,None
download,failed all locations,None,10.1177/1750481312443115c,None
download,failed all locations,None,10.1177/1461445607078523,None
download,failed all locations,None,10.1016/j.rmed.2019.09.008,None
download,failed all locations,None,10.1021/acs.macromol.9b01002,None
download,failed all locations,None,10.1088/2053-1591/ab4054,None
download,failed all locations,None,10.4103/nmj.NMJ_93_18,None
download,failed all locations,None,10.3390/ma12183000,None
download,failed all locations,None,10.1039/c8dt00708j,None
download,failed all locations,None,10.1108/jgm-11-2016-0061,None
download,failed all locations,None,10.1016/j.mporth.2018.11.009,None
download,failed all locations,None,10.4315/0362-028X.JFP-18-206,None
download,failed all locations,None,10.1016/j.spl.2019.108624,None
request,invalid status code,404,10.18429/JACoW-IBIC2018-wepb15,None
download,failed all locations,None,10.1016/j.agsy.2017.02.007,None
download,failed all locations,None,10.1111/j.1365-2966.2005.08552.x,None
download,failed all locations,None,10.1103/PhysRevD.79.123521,None
download,failed all locations,None,10.1080/01694243.2019.1661156,None
download,failed all locations,None,10.1038/s41561-019-0478-4,None
download,failed all locations,None,10.1093/ageing/31.suppl_2.24,None
download,failed all locations,None,10.3354/meps13063,None
download,failed all locations,None,10.1016/b978-0-12-801371-7.00019-3,None
download,failed all locations,None,10.1016/j.carbpol.2014.12.025,None
request,invalid status code,404,10.20382/jocg.v9i2a5,None
download,failed all locations,None,10.1016/j.ress.2013.11.010,None
download,failed all locations,None,10.1016/j.envsci.2018.06.014,None
download,failed all locations,None,10.1109/citsm.2014.7042183,None
download,failed all locations,None,10.1109/citsm.2016.7577581,None
